# JRE version: Java(TM) SE Runtime Environment (8.0_112-b15) (build 1.8.0_112-b15)
# Java VM: Java HotSpot(TM) 64-Bit Server VM (25.112-b15 mixed mode windows-amd64 compressed oops)
Heap:
 PSYoungGen      total 462336K, used 150021K [0x0000000780500000, 0x00000007a8380000, 0x00000007c0000000)
  eden space 459776K, 32% used [0x0000000780500000,0x00000007895397a8,0x000000079c600000)
  from space 2560K, 91% used [0x00000007a5f80000,0x00000007a61c8000,0x00000007a6200000)
  to   space 18944K, 0% used [0x00000007a7100000,0x00000007a7100000,0x00000007a8380000)
 ParOldGen       total 116224K, used 38886K [0x0000000700e00000, 0x0000000707f80000, 0x0000000780500000)
  object space 116224K, 33% used [0x0000000700e00000,0x00000007033f9b70,0x0000000707f80000)
 Metaspace       used 55441K, capacity 56211K, committed 56320K, reserved 1097728K
  class space    used 6875K, capacity 7071K, committed 7168K, reserved 1048576K
GC Heap History (10 events):
Event: 4389.649 GC heap before
{Heap before GC invocations=13 (full 2):
 PSYoungGen      total 387584K, used 387093K [0x0000000780500000, 0x0000000799e80000, 0x00000007c0000000)
  eden space 374272K, 100% used [0x0000000780500000,0x0000000797280000,0x0000000797280000)
  from space 13312K, 96% used [0x0000000799180000,0x0000000799e054d0,0x0000000799e80000)
  to   space 18432K, 0% used [0x0000000797a80000,0x0000000797a80000,0x0000000798c80000)
 ParOldGen       total 116224K, used 25162K [0x0000000700e00000, 0x0000000707f80000, 0x0000000780500000)
  object space 116224K, 21% used [0x0000000700e00000,0x0000000702692af8,0x0000000707f80000)
 Metaspace       used 54191K, capacity 54909K, committed 55168K, reserved 1097728K
  class space    used 6856K, capacity 7030K, committed 7040K, reserved 1048576K
Event: 4390.104 GC heap after
Heap after GC invocations=13 (full 2):
 PSYoungGen      total 400896K, used 12425K [0x0000000780500000, 0x00000007a1800000, 0x00000007c0000000)
  eden space 382464K, 0% used [0x0000000780500000,0x0000000780500000,0x0000000797a80000)
  from space 18432K, 67% used [0x0000000797a80000,0x00000007986a2560,0x0000000798c80000)
  to   space 18944K, 0% used [0x00000007a0580000,0x00000007a0580000,0x00000007a1800000)
 ParOldGen       total 116224K, used 32374K [0x0000000700e00000, 0x0000000707f80000, 0x0000000780500000)
  object space 116224K, 27% used [0x0000000700e00000,0x0000000702d9db40,0x0000000707f80000)
 Metaspace       used 54191K, capacity 54909K, committed 55168K, reserved 1097728K
  class space    used 6856K, capacity 7030K, committed 7040K, reserved 1048576K
}
Event: 9267.933 GC heap before
{Heap before GC invocations=14 (full 2):
 PSYoungGen      total 400896K, used 394889K [0x0000000780500000, 0x00000007a1800000, 0x00000007c0000000)
  eden space 382464K, 100% used [0x0000000780500000,0x0000000797a80000,0x0000000797a80000)
  from space 18432K, 67% used [0x0000000797a80000,0x00000007986a2560,0x0000000798c80000)
  to   space 18944K, 0% used [0x00000007a0580000,0x00000007a0580000,0x00000007a1800000)
 ParOldGen       total 116224K, used 32374K [0x0000000700e00000, 0x0000000707f80000, 0x0000000780500000)
  object space 116224K, 27% used [0x0000000700e00000,0x0000000702d9db40,0x0000000707f80000)
 Metaspace       used 55112K, capacity 55841K, committed 55936K, reserved 1097728K
  class space    used 6861K, capacity 7036K, committed 7040K, reserved 1048576K
Event: 9268.630 GC heap after
Heap after GC invocations=14 (full 2):
 PSYoungGen      total 514560K, used 2501K [0x0000000780500000, 0x00000007a1300000, 0x00000007c0000000)
  eden space 500736K, 0% used [0x0000000780500000,0x0000000780500000,0x000000079ee00000)
  from space 13824K, 18% used [0x00000007a0580000,0x00000007a07f1658,0x00000007a1300000)
  to   space 18944K, 0% used [0x000000079ee00000,0x000000079ee00000,0x00000007a0080000)
 ParOldGen       total 116224K, used 38277K [0x0000000700e00000, 0x0000000707f80000, 0x0000000780500000)
  object space 116224K, 32% used [0x0000000700e00000,0x00000007033617f0,0x0000000707f80000)
 Metaspace       used 55112K, capacity 55841K, committed 55936K, reserved 1097728K
  class space    used 6861K, capacity 7036K, committed 7040K, reserved 1048576K
}
Event: 16262.213 GC heap before
{Heap before GC invocations=15 (full 2):
 PSYoungGen      total 514560K, used 503237K [0x0000000780500000, 0x00000007a1300000, 0x00000007c0000000)
  eden space 500736K, 100% used [0x0000000780500000,0x000000079ee00000,0x000000079ee00000)
  from space 13824K, 18% used [0x00000007a0580000,0x00000007a07f1658,0x00000007a1300000)
  to   space 18944K, 0% used [0x000000079ee00000,0x000000079ee00000,0x00000007a0080000)
 ParOldGen       total 116224K, used 38277K [0x0000000700e00000, 0x0000000707f80000, 0x0000000780500000)
  object space 116224K, 32% used [0x0000000700e00000,0x00000007033617f0,0x0000000707f80000)
 Metaspace       used 55388K, capacity 56135K, committed 56320K, reserved 1097728K
  class space    used 6870K, capacity 7069K, committed 7168K, reserved 1048576K
Event: 16263.227 GC heap after
Heap after GC invocations=15 (full 2):
 PSYoungGen      total 519680K, used 2181K [0x0000000780500000, 0x00000007a9600000, 0x00000007c0000000)
  eden space 500736K, 0% used [0x0000000780500000,0x0000000780500000,0x000000079ee00000)
  from space 18944K, 11% used [0x000000079ee00000,0x000000079f0217e8,0x00000007a0080000)
  to   space 19456K, 0% used [0x00000007a8300000,0x00000007a8300000,0x00000007a9600000)
 ParOldGen       total 116224K, used 38870K [0x0000000700e00000, 0x0000000707f80000, 0x0000000780500000)
  object space 116224K, 33% used [0x0000000700e00000,0x00000007033f5b70,0x0000000707f80000)
 Metaspace       used 55388K, capacity 56135K, committed 56320K, reserved 1097728K
  class space    used 6870K, capacity 7069K, committed 7168K, reserved 1048576K
}
Event: 22965.795 GC heap before
{Heap before GC invocations=16 (full 2):
 PSYoungGen      total 519680K, used 502917K [0x0000000780500000, 0x00000007a9600000, 0x00000007c0000000)
  eden space 500736K, 100% used [0x0000000780500000,0x000000079ee00000,0x000000079ee00000)
  from space 18944K, 11% used [0x000000079ee00000,0x000000079f0217e8,0x00000007a0080000)
  to   space 19456K, 0% used [0x00000007a8300000,0x00000007a8300000,0x00000007a9600000)
 ParOldGen       total 116224K, used 38870K [0x0000000700e00000, 0x0000000707f80000, 0x0000000780500000)
  object space 116224K, 33% used [0x0000000700e00000,0x00000007033f5b70,0x0000000707f80000)
 Metaspace       used 55431K, capacity 56211K, committed 56320K, reserved 1097728K
  class space    used 6874K, capacity 7071K, committed 7168K, reserved 1048576K
Event: 22966.745 GC heap after
Heap after GC invocations=16 (full 2):
 PSYoungGen      total 482304K, used 2455K [0x0000000780500000, 0x00000007a8580000, 0x00000007c0000000)
  eden space 479744K, 0% used [0x0000000780500000,0x0000000780500000,0x000000079d980000)
  from space 2560K, 95% used [0x00000007a8300000,0x00000007a8565ea8,0x00000007a8580000)
  to   space 19456K, 0% used [0x00000007a5f80000,0x00000007a5f80000,0x00000007a7280000)
 ParOldGen       total 116224K, used 38878K [0x0000000700e00000, 0x0000000707f80000, 0x0000000780500000)
  object space 116224K, 33% used [0x0000000700e00000,0x00000007033f7b70,0x0000000707f80000)
 Metaspace       used 55431K, capacity 56211K, committed 56320K, reserved 1097728K
  class space    used 6874K, capacity 7071K, committed 7168K, reserved 1048576K
}
Event: 31466.177 GC heap before
{Heap before GC invocations=17 (full 2):
 PSYoungGen      total 482304K, used 482199K [0x0000000780500000, 0x00000007a8580000, 0x00000007c0000000)
  eden space 479744K, 100% used [0x0000000780500000,0x000000079d980000,0x000000079d980000)
  from space 2560K, 95% used [0x00000007a8300000,0x00000007a8565ea8,0x00000007a8580000)
  to   space 19456K, 0% used [0x00000007a5f80000,0x00000007a5f80000,0x00000007a7280000)
 ParOldGen       total 116224K, used 38878K [0x0000000700e00000, 0x0000000707f80000, 0x0000000780500000)
  object space 116224K, 33% used [0x0000000700e00000,0x00000007033f7b70,0x0000000707f80000)
 Metaspace       used 55435K, capacity 56211K, committed 56320K, reserved 1097728K
  class space    used 6875K, capacity 7071K, committed 7168K, reserved 1048576K
Event: 31467.008 GC heap after
Heap after GC invocations=17 (full 2):
 PSYoungGen      total 462336K, used 2336K [0x0000000780500000, 0x00000007a8380000, 0x00000007c0000000)
  eden space 459776K, 0% used [0x0000000780500000,0x0000000780500000,0x000000079c600000)
  from space 2560K, 91% used [0x00000007a5f80000,0x00000007a61c8000,0x00000007a6200000)
  to   space 18944K, 0% used [0x00000007a7100000,0x00000007a7100000,0x00000007a8380000)
 ParOldGen       total 116224K, used 38886K [0x0000000700e00000, 0x0000000707f80000, 0x0000000780500000)
  object space 116224K, 33% used [0x0000000700e00000,0x00000007033f9b70,0x0000000707f80000)
 Metaspace       used 55435K, capacity 56211K, committed 56320K, reserved 1097728K
  class space    used 6875K, capacity 7071K, committed 7168K, reserved 1048576K
}

